<?xml version="1.0" encoding="UTF-8"?>
<!-- Generated by org.testng.reporters.JUnitReportReporter -->
<testsuite skipped="0" hostname="EPMXGUAW0506" name="testrunner.RunnerTest" tests="10" failures="0" timestamp="15 oct 2020 02:37:46 GMT" time="77.169" errors="0">
  <testcase name="runScenario" time="7.429" classname="testrunner.RunnerTest"/>
  <testcase name="runScenario" time="8.256" classname="testrunner.RunnerTest"/>
  <testcase name="runScenario" time="9.525" classname="testrunner.RunnerTest"/>
  <testcase name="runScenario" time="4.385" classname="testrunner.RunnerTest"/>
  <testcase name="runScenario" time="8.419" classname="testrunner.RunnerTest"/>
  <testcase name="runScenario" time="5.815" classname="testrunner.RunnerTest"/>
  <testcase name="runScenario" time="7.920" classname="testrunner.RunnerTest"/>
  <testcase name="runScenario" time="9.022" classname="testrunner.RunnerTest"/>
  <testcase name="runScenario" time="8.793" classname="testrunner.RunnerTest"/>
  <testcase name="runScenario" time="7.605" classname="testrunner.RunnerTest"/>
</testsuite> <!-- testrunner.RunnerTest -->
