<?xml version="1.0" encoding="UTF-8"?>
<!-- Generated by org.testng.reporters.JUnitReportReporter -->
<testsuite skipped="0" hostname="EPMXGUAW0506" name="testrunner.RunnerTest" tests="10" failures="0" timestamp="15 oct 2020 03:12:34 GMT" time="84.018" errors="0">
  <testcase name="runScenario" time="7.234" classname="testrunner.RunnerTest"/>
  <testcase name="runScenario" time="8.170" classname="testrunner.RunnerTest"/>
  <testcase name="runScenario" time="9.242" classname="testrunner.RunnerTest"/>
  <testcase name="runScenario" time="4.164" classname="testrunner.RunnerTest"/>
  <testcase name="runScenario" time="9.895" classname="testrunner.RunnerTest"/>
  <testcase name="runScenario" time="7.393" classname="testrunner.RunnerTest"/>
  <testcase name="runScenario" time="8.480" classname="testrunner.RunnerTest"/>
  <testcase name="runScenario" time="10.444" classname="testrunner.RunnerTest"/>
  <testcase name="runScenario" time="9.372" classname="testrunner.RunnerTest"/>
  <testcase name="runScenario" time="9.624" classname="testrunner.RunnerTest"/>
</testsuite> <!-- testrunner.RunnerTest -->
